[ 2025-11-01 05:15:19,854 ] 1025 httpx - INFO - HTTP Request: GET https://dagshub.com/api/v1/user "HTTP/1.1 200 OK"
[ 2025-11-01 05:15:19,858 ] 107 dagshub - INFO - Accessing as varunvassagudam
[ 2025-11-01 05:15:20,982 ] 1025 httpx - INFO - HTTP Request: GET https://dagshub.com/api/v1/repos/varunvassagudam/Network-Security "HTTP/1.1 200 OK"
[ 2025-11-01 05:15:22,031 ] 1025 httpx - INFO - HTTP Request: GET https://dagshub.com/api/v1/user "HTTP/1.1 200 OK"
[ 2025-11-01 05:15:22,034 ] 107 dagshub - INFO - Initialized MLflow to track repo "varunvassagudam/Network-Security"
[ 2025-11-01 05:15:22,035 ] 107 dagshub - INFO - Repository varunvassagudam/Network-Security initialized!
[ 2025-11-01 05:15:46,556 ] 36 root - INFO - Start data Ingestion
[ 2025-11-01 05:15:49,380 ] 69 root - INFO - Performed train test split on the dataframe
[ 2025-11-01 05:15:49,380 ] 71 root - INFO - Exited split_data_as_train_test method of Data_Ingestion class
[ 2025-11-01 05:15:49,381 ] 80 root - INFO - Exporting train and test file path.
[ 2025-11-01 05:15:49,438 ] 89 root - INFO - Exported train and test file path.
[ 2025-11-01 05:15:49,438 ] 39 root - INFO - Data Ingestion completed and artifact: DataIngestionArtifact(trained_file_path='Artifacts\\11_01_2025_05_15_15\\data_ingestion\\ingested\\train.csv', test_file_path='Artifacts\\11_01_2025_05_15_15\\data_ingestion\\ingested\\test.csv')
[ 2025-11-01 05:15:49,445 ] 49 root - INFO - Initiate the data Validation
[ 2025-11-01 05:15:49,463 ] 32 root - INFO - Required number of columns:2
[ 2025-11-01 05:15:49,463 ] 33 root - INFO - Data frame has columns:31
[ 2025-11-01 05:15:49,463 ] 32 root - INFO - Required number of columns:2
[ 2025-11-01 05:15:49,463 ] 33 root - INFO - Data frame has columns:31
[ 2025-11-01 05:15:49,594 ] 63 root - INFO - Entered initiate_data_transformation method of DataTransformation class
[ 2025-11-01 05:15:49,594 ] 65 root - INFO - Starting data transformation
[ 2025-11-01 05:15:49,612 ] 48 root - INFO - Entered get_data_trnasformer_object method of Trnasformation class
[ 2025-11-01 05:15:49,612 ] 53 root - INFO - Initialise KNNImputer with {'missing_values': nan, 'n_neighbors': 3, 'weights': 'uniform'}
[ 2025-11-01 05:15:49,624 ] 46 root - INFO - Entered the save_object method of MainUtils class
[ 2025-11-01 05:15:49,627 ] 50 root - INFO - Exited the save_object method of MainUtils class
[ 2025-11-01 05:15:49,627 ] 46 root - INFO - Entered the save_object method of MainUtils class
[ 2025-11-01 05:15:49,629 ] 50 root - INFO - Exited the save_object method of MainUtils class
[ 2025-11-01 05:19:17,645 ] 46 root - INFO - Entered the save_object method of MainUtils class
[ 2025-11-01 05:19:17,648 ] 50 root - INFO - Exited the save_object method of MainUtils class
[ 2025-11-01 05:19:17,648 ] 46 root - INFO - Entered the save_object method of MainUtils class
[ 2025-11-01 05:19:17,673 ] 50 root - INFO - Exited the save_object method of MainUtils class
[ 2025-11-01 05:19:17,673 ] 138 root - INFO - Model trainer artifact: ModelTrainerArtifact(trained_model_file_path='Artifacts\\11_01_2025_05_15_15\\model_trainer\\trained_model\\model.pkl', train_metric_artifact=ClassificationMetricArtifact(f1_score=0.991559035899522, precision_score=0.9886432772257149, recall_score=0.9944920440636474), test_metric_artifact=ClassificationMetricArtifact(f1_score=0.9707509881422924, precision_score=0.9631372549019608, recall_score=0.9784860557768924))
